<?xml version="1.0" encoding="UTF-8"?>
<testng-results skipped="0" failed="0" ignored="0" total="1" passed="1">
  <reporter-output>
  </reporter-output>
  <suite name="Default suite" duration-ms="2648" started-at="2019-01-13T13:39:14Z" finished-at="2019-01-13T13:39:17Z">
    <groups>
    </groups>
    <test name="Default test" duration-ms="2648" started-at="2019-01-13T13:39:14Z" finished-at="2019-01-13T13:39:17Z">
      <class name="test.api.automation.TC_001_GETMETHODS">
        <test-method status="PASS" signature="tc__01()[pri:0, instance:test.api.automation.TC_001_GETMETHODS@2d928643]" name="tc__01" duration-ms="2623" started-at="2019-01-13T13:39:15Z" finished-at="2019-01-13T13:39:17Z">
          <reporter-output>
          </reporter-output>
        </test-method> <!-- tc__01 -->
      </class> <!-- test.api.automation.TC_001_GETMETHODS -->
    </test> <!-- Default test -->
  </suite> <!-- Default suite -->
</testng-results>
